<?xml version="1.0" encoding="UTF-8" ?>
<testsuite tests="112" failures="0" name="com.nv.netmdkb.analytic.bl.dataPoint.DataPointTest" time="18.521" errors="0" skipped="0">
  <properties>
[...]
</properties>
  <testcase classname="com.nv.netmdkb.analytic.bl.dataPoint.DataPointTest" name="parity5" time="13.498"/>
  <testcase classname="com.nv.netmdkb.analytic.bl.dataPoint.DataPointTest" name="parity4" time="0.08"/>
  <testcase classname="com.nv.netmdkb.analytic.bl.dataPoint.DataPointTest" name="oxytoxin3" time="0.15"/>
  <testcase classname="com.nv.netmdkb.analytic.bl.dataPoint.DataPointTest" name="oxytoxin4" time="0.04"/>
  <testcase classname="com.nv.netmdkb.analytic.bl.dataPoint.DataPointTest" name="oxytoxin1" time="0.163"/>
  <testcase classname="com.nv.netmdkb.analytic.bl.dataPoint.DataPointTest" name="noOfDelivery1" time="0.004"/>
  <testcase classname="com.nv.netmdkb.analytic.bl.dataPoint.DataPointTest" name="parity1" time="0.024"/>
  <testcase classname="com.nv.netmdkb.analytic.bl.dataPoint.DataPointTest" name="noOfDelivery2" time="0.191"/>
  <testcase classname="com.nv.netmdkb.analytic.bl.dataPoint.DataPointTest" name="oxytoxin2" time="0.117"/>
  <testcase classname="com.nv.netmdkb.analytic.bl.dataPoint.DataPointTest" name="parity3" time="0.02"/>
  <testcase classname="com.nv.netmdkb.analytic.bl.dataPoint.DataPointTest" name="parity2" time="0"/>
  <testcase classname="com.nv.netmdkb.analytic.bl.dataPoint.DataPointTest" name="maternalWeight6" time="0.352"/>
  <testcase classname="com.nv.netmdkb.analytic.bl.dataPoint.DataPointTest" name="maternalWeight5" time="0.019"/>
  <testcase classname="com.nv.netmdkb.analytic.bl.dataPoint.DataPointTest" name="maternalWeight4" time="0.028"/>
  <testcase classname="com.nv.netmdkb.analytic.bl.dataPoint.DataPointTest" name="maternalWeight3" time="0.084"/>
  <testcase classname="com.nv.netmdkb.analytic.bl.dataPoint.DataPointTest" name="maternalWeight2" time="0.058"/>
  <testcase classname="com.nv.netmdkb.analytic.bl.dataPoint.DataPointTest" name="maternalWeight1" time="0.001"/>
  <testcase classname="com.nv.netmdkb.analytic.bl.dataPoint.DataPointTest" name="maternalHeight5" time="0.004"/>
  <testcase classname="com.nv.netmdkb.analytic.bl.dataPoint.DataPointTest" name="maternalHeight4" time="0.027"/>
  <testcase classname="com.nv.netmdkb.analytic.bl.dataPoint.DataPointTest" name="bookedStatistics3" time="0.07"/>
  <testcase classname="com.nv.netmdkb.analytic.bl.dataPoint.DataPointTest" name="bookedStatistics2" time="0.07"/>
  <testcase classname="com.nv.netmdkb.analytic.bl.dataPoint.DataPointTest" name="bookedStatistics1" time="0.09"/>
  <testcase classname="com.nv.netmdkb.analytic.bl.dataPoint.DataPointTest" name="bookedStatistics4" time="0.061"/>
  <testcase classname="com.nv.netmdkb.analytic.bl.dataPoint.DataPointTest" name="FetalComplications1" time="0.019"/>
  <testcase classname="com.nv.netmdkb.analytic.bl.dataPoint.DataPointTest" name="FetalComplications2" time="0.071"/>
  <testcase classname="com.nv.netmdkb.analytic.bl.dataPoint.DataPointTest" name="FetalComplications3" time="0.018"/>
  <testcase classname="com.nv.netmdkb.analytic.bl.dataPoint.DataPointTest" name="maternalComlications1" time="0.018"/>
  <testcase classname="com.nv.netmdkb.analytic.bl.dataPoint.DataPointTest" name="maternalComlications2" time="0.048"/>
  <testcase classname="com.nv.netmdkb.analytic.bl.dataPoint.DataPointTest" name="maternalComlications3" time="0.085"/>
  <testcase classname="com.nv.netmdkb.analytic.bl.dataPoint.DataPointTest" name="maternalComlications4" time="0.03"/>
  <testcase classname="com.nv.netmdkb.analytic.bl.dataPoint.DataPointTest" name="maternalMortalityMorbidity1" time="0.003"/>
  <testcase classname="com.nv.netmdkb.analytic.bl.dataPoint.DataPointTest" name="maternalMortalityMorbidity2" time="0.057"/>
  <testcase classname="com.nv.netmdkb.analytic.bl.dataPoint.DataPointTest" name="placentalWeight21" time="0.037"/>
  <testcase classname="com.nv.netmdkb.analytic.bl.dataPoint.DataPointTest" name="thirdStageDuration1" time="0.004"/>
  <testcase classname="com.nv.netmdkb.analytic.bl.dataPoint.DataPointTest" name="thirdStageDuration2" time="0.071"/>
  <testcase classname="com.nv.netmdkb.analytic.bl.dataPoint.DataPointTest" name="thirdStageDuration3" time="0.016"/>
  <testcase classname="com.nv.netmdkb.analytic.bl.dataPoint.DataPointTest" name="thirdStageDuration4" time="0.063"/>
  <testcase classname="com.nv.netmdkb.analytic.bl.dataPoint.DataPointTest" name="apgarTest1" time="0.019"/>
  <testcase classname="com.nv.netmdkb.analytic.bl.dataPoint.DataPointTest" name="apgarTest2" time="0.021"/>
  <testcase classname="com.nv.netmdkb.analytic.bl.dataPoint.DataPointTest" name="apgarTest3" time="0.047"/>
  <testcase classname="com.nv.netmdkb.analytic.bl.dataPoint.DataPointTest" name="birthweightTest1" time="0.116"/>
  <testcase classname="com.nv.netmdkb.analytic.bl.dataPoint.DataPointTest" name="birthweightTest2" time="0.04"/>
  <testcase classname="com.nv.netmdkb.analytic.bl.dataPoint.DataPointTest" name="birthweightTest3" time="0.036"/>
  <testcase classname="com.nv.netmdkb.analytic.bl.dataPoint.DataPointTest" name="birthweightTest4" time="0.028"/>
  <testcase classname="com.nv.netmdkb.analytic.bl.dataPoint.DataPointTest" name="birthweightTest5" time="0.05"/>
  <testcase classname="com.nv.netmdkb.analytic.bl.dataPoint.DataPointTest" name="bloodGroupTest1" time="0.033"/>
  <testcase classname="com.nv.netmdkb.analytic.bl.dataPoint.DataPointTest" name="bloodGroupTest2" time="0.102"/>
  <testcase classname="com.nv.netmdkb.analytic.bl.dataPoint.DataPointTest" name="bloodGroupTest3" time="0.019"/>
  <testcase classname="com.nv.netmdkb.analytic.bl.dataPoint.DataPointTest" name="bloodGroupTest4" time="0.001"/>
  <testcase classname="com.nv.netmdkb.analytic.bl.dataPoint.DataPointTest" name="bloodGroupTest5" time="0"/>
  <testcase classname="com.nv.netmdkb.analytic.bl.dataPoint.DataPointTest" name="bloodLossTest1" time="0.017"/>
  <testcase classname="com.nv.netmdkb.analytic.bl.dataPoint.DataPointTest" name="bloodLossTest2" time="0.017"/>
  <testcase classname="com.nv.netmdkb.analytic.bl.dataPoint.DataPointTest" name="bloodLossTest3" time="0.055"/>
  <testcase classname="com.nv.netmdkb.analytic.bl.dataPoint.DataPointTest" name="bloodLossTest4" time="0.098"/>
  <testcase classname="com.nv.netmdkb.analytic.bl.dataPoint.DataPointTest" name="bodyMassIndex1" time="0.043"/>
  <testcase classname="com.nv.netmdkb.analytic.bl.dataPoint.DataPointTest" name="bodyMassIndex2" time="0.019"/>
  <testcase classname="com.nv.netmdkb.analytic.bl.dataPoint.DataPointTest" name="bodyMassIndex3" time="0.052"/>
  <testcase classname="com.nv.netmdkb.analytic.bl.dataPoint.DataPointTest" name="bodyMassIndex4" time="0.026"/>
  <testcase classname="com.nv.netmdkb.analytic.bl.dataPoint.DataPointTest" name="bodyMassIndex5" time="0.013"/>
  <testcase classname="com.nv.netmdkb.analytic.bl.dataPoint.DataPointTest" name="Episiotomy1" time="0.039"/>
  <testcase classname="com.nv.netmdkb.analytic.bl.dataPoint.DataPointTest" name="Episiotomy2" time="0.047"/>
  <testcase classname="com.nv.netmdkb.analytic.bl.dataPoint.DataPointTest" name="Episiotomy3" time="0.003"/>
  <testcase classname="com.nv.netmdkb.analytic.bl.dataPoint.DataPointTest" name="gestation1" time="0.04"/>
  <testcase classname="com.nv.netmdkb.analytic.bl.dataPoint.DataPointTest" name="gestation2" time="0.012"/>
  <testcase classname="com.nv.netmdkb.analytic.bl.dataPoint.DataPointTest" name="gestation3" time="0.02"/>
  <testcase classname="com.nv.netmdkb.analytic.bl.dataPoint.DataPointTest" name="Induction1" time="0.015"/>
  <testcase classname="com.nv.netmdkb.analytic.bl.dataPoint.DataPointTest" name="Induction2" time="0.057"/>
  <testcase classname="com.nv.netmdkb.analytic.bl.dataPoint.DataPointTest" name="Induction3" time="0.026"/>
  <testcase classname="com.nv.netmdkb.analytic.bl.dataPoint.DataPointTest" name="Induction4" time="0.015"/>
  <testcase classname="com.nv.netmdkb.analytic.bl.dataPoint.DataPointTest" name="IntraVenusFluid1" time="0.016"/>
  <testcase classname="com.nv.netmdkb.analytic.bl.dataPoint.DataPointTest" name="IntraVenusFluid2" time="0.024"/>
  <testcase classname="com.nv.netmdkb.analytic.bl.dataPoint.DataPointTest" name="IntraVenusFluid3" time="0.016"/>
  <testcase classname="com.nv.netmdkb.analytic.bl.dataPoint.DataPointTest" name="IntraVenusFluid4" time="0.016"/>
  <testcase classname="com.nv.netmdkb.analytic.bl.dataPoint.DataPointTest" name="maternalAgeTest1" time="0.019"/>
  <testcase classname="com.nv.netmdkb.analytic.bl.dataPoint.DataPointTest" name="maternalAgeTest2" time="0.024"/>
  <testcase classname="com.nv.netmdkb.analytic.bl.dataPoint.DataPointTest" name="maternalAgeTest3" time="0.023"/>
  <testcase classname="com.nv.netmdkb.analytic.bl.dataPoint.DataPointTest" name="maternalAgeTest4" time="0.021"/>
  <testcase classname="com.nv.netmdkb.analytic.bl.dataPoint.DataPointTest" name="maternalHeight1" time="0.036"/>
  <testcase classname="com.nv.netmdkb.analytic.bl.dataPoint.DataPointTest" name="maternalHeight2" time="0.119"/>
  <testcase classname="com.nv.netmdkb.analytic.bl.dataPoint.DataPointTest" name="maternalHeight3" time="0.021"/>
  <testcase classname="com.nv.netmdkb.analytic.bl.dataPoint.DataPointTest" name="perinealTear1" time="0.019"/>
  <testcase classname="com.nv.netmdkb.analytic.bl.dataPoint.DataPointTest" name="perinealTear2" time="0.036"/>
  <testcase classname="com.nv.netmdkb.analytic.bl.dataPoint.DataPointTest" name="perinealTear3" time="0.158"/>
  <testcase classname="com.nv.netmdkb.analytic.bl.dataPoint.DataPointTest" name="perinealTear4" time="0.014"/>
  <testcase classname="com.nv.netmdkb.analytic.bl.dataPoint.DataPointTest" name="perinealTear5" time="0.016"/>
  <testcase classname="com.nv.netmdkb.analytic.bl.dataPoint.DataPointTest" name="perinealTear6" time="0.049"/>
  <testcase classname="com.nv.netmdkb.analytic.bl.dataPoint.DataPointTest" name="placentalWeight1" time="0.088"/>
  <testcase classname="com.nv.netmdkb.analytic.bl.dataPoint.DataPointTest" name="placentalWeight3" time="0"/>
  <testcase classname="com.nv.netmdkb.analytic.bl.dataPoint.DataPointTest" name="placentalWeight4" time="0"/>
  <testcase classname="com.nv.netmdkb.analytic.bl.dataPoint.DataPointTest" name="presentation1" time="0.001"/>
  <testcase classname="com.nv.netmdkb.analytic.bl.dataPoint.DataPointTest" name="presentation2" time="0.029"/>
  <testcase classname="com.nv.netmdkb.analytic.bl.dataPoint.DataPointTest" name="presentation3" time="0.014"/>
  <testcase classname="com.nv.netmdkb.analytic.bl.dataPoint.DataPointTest" name="presentation4" time="0.017"/>
  <testcase classname="com.nv.netmdkb.analytic.bl.dataPoint.DataPointTest" name="presentation5" time="0.033"/>
  <testcase classname="com.nv.netmdkb.analytic.bl.dataPoint.DataPointTest" name="presentation6" time="0.033"/>
  <testcase classname="com.nv.netmdkb.analytic.bl.dataPoint.DataPointTest" name="previousCS" time="0.043"/>
  <testcase classname="com.nv.netmdkb.analytic.bl.dataPoint.DataPointTest" name="previousCS2" time="0.208"/>
  <testcase classname="com.nv.netmdkb.analytic.bl.dataPoint.DataPointTest" name="previousCS3" time="0.028"/>
  <testcase classname="com.nv.netmdkb.analytic.bl.dataPoint.DataPointTest" name="typeOfDelivery1" time="0.023"/>
  <testcase classname="com.nv.netmdkb.analytic.bl.dataPoint.DataPointTest" name="typeOfDelivery2" time="0.102"/>
  <testcase classname="com.nv.netmdkb.analytic.bl.dataPoint.DataPointTest" name="typeOfDelivery3" time="0.009"/>
  <testcase classname="com.nv.netmdkb.analytic.bl.dataPoint.DataPointTest" name="typeOfDelivery4" time="0.028"/>
  <testcase classname="com.nv.netmdkb.analytic.bl.dataPoint.DataPointTest" name="typeOfDelivery5" time="0.033"/>
  <testcase classname="com.nv.netmdkb.analytic.bl.dataPoint.DataPointTest" name="typeOfDelivery6" time="0.031"/>
  <testcase classname="com.nv.netmdkb.analytic.bl.dataPoint.DataPointTest" name="robsonClass" time="0.035"/>
  <testcase classname="com.nv.netmdkb.analytic.bl.dataPoint.DataPointTest" name="robsonClass2" time="0.069"/>
  <testcase classname="com.nv.netmdkb.analytic.bl.dataPoint.DataPointTest" name="robsonClass3" time="0.017"/>
  <testcase classname="com.nv.netmdkb.analytic.bl.dataPoint.DataPointTest" name="robsonClass4" time="0.02"/>
  <testcase classname="com.nv.netmdkb.analytic.bl.dataPoint.DataPointTest" name="robsonClass5" time="0.064"/>
  <testcase classname="com.nv.netmdkb.analytic.bl.dataPoint.DataPointTest" name="robsonClass6" time="0.044"/>
  <testcase classname="com.nv.netmdkb.analytic.bl.dataPoint.DataPointTest" name="robsonClass7" time="0.027"/>
  <testcase classname="com.nv.netmdkb.analytic.bl.dataPoint.DataPointTest" name="robsonClass8" time="0.081"/>
</testsuite>